------Start of DE processing------ = [9/29/16 11:08:07:652 SGT]
Exception = java.security.PrivilegedActionException
Source = com.ibm.ws.config.admin.internal.ConfigurationStore
probeid = 127
Stack Dump = java.security.PrivilegedActionException: java.io.FileNotFoundException: /home/brendanyhy/git/EtcdTestPipeline/server-files/wlp/usr/servers/defaultServer/workarea/org.eclipse.osgi/8/data/configs/com.ibm.ws.app.manager.monitor!297594241 (No such file or directory)
	at java.security.AccessController.doPrivileged(Native Method)
	at com.ibm.ws.config.admin.internal.ConfigurationStore.saveConfiguration(ConfigurationStore.java:120)
	at com.ibm.ws.config.admin.internal.ExtendedConfigurationImpl.updateCache(ExtendedConfigurationImpl.java:471)
	at com.ibm.ws.config.xml.internal.ConfigUpdater.updateConfiguration(ConfigUpdater.java:266)
	at com.ibm.ws.config.xml.internal.ConfigUpdater.updateConfiguration(ConfigUpdater.java:196)
	at com.ibm.ws.config.xml.internal.ConfigUpdater.update(ConfigUpdater.java:111)
	at com.ibm.ws.config.xml.internal.ConfigUpdater.update(ConfigUpdater.java:97)
	at com.ibm.ws.config.xml.internal.ChangeHandler.switchConfiguration(ChangeHandler.java:104)
	at com.ibm.ws.config.xml.internal.ConfigRefresher.refreshConfiguration(ConfigRefresher.java:114)
	at com.ibm.ws.config.xml.internal.ConfigFileMonitor.onChange(ConfigFileMonitor.java:143)
	at com.ibm.ws.kernel.filemonitor.internal.MonitorHolder.scheduledScan(MonitorHolder.java:694)
	at com.ibm.ws.kernel.filemonitor.internal.MonitorHolder.run(MonitorHolder.java:551)
	at com.ibm.ws.threading.internal.SchedulingRunnableFixedHelper.run(SchedulingRunnableFixedHelper.java:273)
	at java.util.concurrent.Executors$RunnableAdapter.call(Executors.java:511)
	at java.util.concurrent.FutureTask.run(FutureTask.java:266)
	at java.util.concurrent.ThreadPoolExecutor.runWorker(ThreadPoolExecutor.java:1142)
	at java.util.concurrent.ThreadPoolExecutor$Worker.run(ThreadPoolExecutor.java:617)
	at java.lang.Thread.run(Thread.java:745)
Caused by: java.io.FileNotFoundException: /home/brendanyhy/git/EtcdTestPipeline/server-files/wlp/usr/servers/defaultServer/workarea/org.eclipse.osgi/8/data/configs/com.ibm.ws.app.manager.monitor!297594241 (No such file or directory)
	at java.io.FileOutputStream.open0(Native Method)
	at java.io.FileOutputStream.open(FileOutputStream.java:270)
	at java.io.FileOutputStream.<init>(FileOutputStream.java:213)
	at com.ibm.ws.config.admin.internal.ConfigurationStore.serializeConfigurationData(ConfigurationStore.java:211)
	at com.ibm.ws.config.admin.internal.ConfigurationStore$2.run(ConfigurationStore.java:123)
	... 18 more

Dump of callerThis
Object type = com.ibm.ws.config.admin.internal.ConfigurationStore
  tc = class com.ibm.websphere.ras.TraceComponent@4f4efa3e
    strings[0] = "TraceComponent[com.ibm.ws.config.admin.internal.ConfigurationStore,class com.ibm.ws.config.admin.internal.ConfigurationStore,[config],com.ibm.ws.config.internal.resources.ConfigMessages,null]"
  caFactory = class com.ibm.ws.config.admin.internal.ConfigAdminServiceFactory@39e34f14
    tc = class com.ibm.websphere.ras.TraceComponent@422e3013
      strings[0] = "TraceComponent[com.ibm.ws.config.admin.internal.ConfigAdminServiceFactory,class com.ibm.ws.config.admin.internal.ConfigAdminServiceFactory,[config],com.ibm.ws.config.internal.resources.ConfigMessages,null]"
    configurationPermission = class org.osgi.service.cm.ConfigurationPermission@5aca559d
      serialVersionUID = 5716868734811965383
      CONFIGURE = "configure"
      TARGET = "target"
      ACTION_CONFIGURE = 1
      ACTION_TARGET = 2
      ACTION_ALL = 3
      ACTION_NONE = 0
      action_mask = 1
      actions = null
      substrings = class java.util.ArrayList@f49a39c
      serialVersionUID = 6279438298436773498
      wildcard = true
      path = ""
      exitVM = false
      serialVersionUID = -5636570222231596674
      name = "*"
    INDEX_DICTIONARY = 0
    INDEX_LOCATION = 1
    INDEX_METATYPE_PROCESSED = 2
    INDEX_IN_OVERRIDES_FILE = 3
    INDEX_REFERENCES = 4
    INDEX_UNIQUES = 5
    bundleContext = class org.eclipse.osgi.internal.framework.BundleContextImpl@152d62a0
      findHookName = "org.osgi.framework.hooks.bundle.FindHook"
      valid = true
      bundle = class org.eclipse.osgi.internal.framework.EquinoxBundle@5bf571d4
      container = class org.eclipse.osgi.internal.framework.EquinoxContainer@737228e1
      debug = class org.eclipse.osgi.internal.debug.Debug@174e4aa6
      servicesInUse = class java.util.HashMap@501724b5
      activator = class com.ibm.ws.config.internal.WSConfigActivator@245cc4d0
      contextLock = class java.lang.Object@468bc59a
    msTracker = class com.ibm.ws.config.admin.internal.ManagedServiceTracker@49051d35
      ME = "com.ibm.ws.config.admin.internal.ManagedServiceTracker"
      tc = class com.ibm.websphere.ras.TraceComponent@57e3461b
      caFactory = class com.ibm.ws.config.admin.internal.ConfigAdminServiceFactory@39e34f14
      managedServices = class java.util.HashMap@2414981a
      managedServiceReferences = class java.util.HashMap@1d332b20
      serialVersionUID = -1361093010813248208
      DEBUG = false
      context = class org.eclipse.osgi.internal.framework.BundleContextImpl@152d62a0
      filter = class org.eclipse.osgi.internal.framework.FilterImpl@6b66349d
      customizer = class com.ibm.ws.config.admin.internal.ManagedServiceTracker@49051d35
      listenerFilter = "(objectClass=org.osgi.service.cm.ManagedService)"
      trackClass = "org.osgi.service.cm.ManagedService"
      trackReference = null
      tracked = class org.osgi.util.tracker.ServiceTracker$Tracked@6b32b5a3
      cachedReference = null
      cachedService = null
    msfTracker = class com.ibm.ws.config.admin.internal.ManagedServiceFactoryTracker@6896448b
      ME = "com.ibm.ws.config.admin.internal.ManagedServiceFactoryTracker"
      tc = class com.ibm.websphere.ras.TraceComponent@6f4afb0e
      caFactory = class com.ibm.ws.config.admin.internal.ConfigAdminServiceFactory@39e34f14
      managedServiceFactories = class java.util.HashMap@2d1a1462
      managedServiceFactoryReferences = class java.util.HashMap@5dc66b9
      serialVersionUID = -2719224650925081263
      DEBUG = false
      context = class org.eclipse.osgi.internal.framework.BundleContextImpl@152d62a0
      filter = class org.eclipse.osgi.internal.framework.FilterImpl@73241e50
      customizer = class com.ibm.ws.config.admin.internal.ManagedServiceFactoryTracker@6896448b
      listenerFilter = "(objectClass=org.osgi.service.cm.ManagedServiceFactory)"
      trackClass = "org.osgi.service.cm.ManagedServiceFactory"
      trackReference = null
      tracked = class org.osgi.util.tracker.ServiceTracker$Tracked@bb2166c
      cachedReference = null
      cachedService = null
    pluginManager = class com.ibm.ws.config.admin.internal.PluginManager@6dd5650c
      pluginTracker = class com.ibm.ws.config.admin.internal.PluginManager$PluginTracker@20e101f1
      serialVersionUID = -8398978898050816134
      $$$tc$$$ = class com.ibm.websphere.ras.TraceComponent@5625e50d
    configurationStore = class com.ibm.ws.config.admin.internal.ConfigurationStore@5c40ebd3
    updateQueue = class com.ibm.ws.config.admin.internal.UpdateQueue@653bb396
      tc = class com.ibm.websphere.ras.TraceComponent@74c83dd7
      threadPool = class java.util.concurrent.ThreadPoolExecutor@4a2e06c0
      queues = class com.ibm.ws.config.admin.internal.UpdateQueue$Queue[2]
      serialVersionUID = -2220987240531172166
    ced = class com.ibm.ws.config.admin.internal.ConfigEventDispatcher@4b6f6b1
      ME = "com.ibm.ws.config.admin.internal.ConfigEventDispatcher"
      tc = class com.ibm.websphere.ras.TraceComponent@65fb95ff
      st = class org.osgi.util.tracker.ServiceTracker@68b600b1
      configAdminReference = class org.eclipse.osgi.internal.serviceregistry.ServiceReferenceImpl@57cb09ed
      caFactory = class com.ibm.ws.config.admin.internal.ConfigAdminServiceFactory@39e34f14
      serialVersionUID = 7387440399302146247
    idMap = class java.util.Collections$SynchronizedMap@5e5e48b0
      serialVersionUID = 1978198479659022715
      m = class java.util.HashMap@10a9829c
      mutex = class java.util.Collections$SynchronizedMap@5e5e48b0
      keySet = null
      entrySet = null
      values = null
    referenceMap = class java.util.Collections$SynchronizedMap@1865ab72
      serialVersionUID = 1978198479659022715
      m = class java.util.HashMap@6006f571
      mutex = class java.util.Collections$SynchronizedMap@1865ab72
      keySet = null
      entrySet = null
      values = null
    variableRegistryTracker = class org.osgi.util.tracker.ServiceTracker@20fa0ceb
      DEBUG = false
      context = class org.eclipse.osgi.internal.framework.BundleContextImpl@152d62a0
      filter = class org.eclipse.osgi.internal.framework.FilterImpl@6fdcf9ce
      customizer = class org.osgi.util.tracker.ServiceTracker@20fa0ceb
      listenerFilter = "(objectClass=com.ibm.wsspi.kernel.service.location.VariableRegistry)"
      trackClass = "com.ibm.wsspi.kernel.service.location.VariableRegistry"
      trackReference = null
      tracked = class org.osgi.util.tracker.ServiceTracker$Tracked@39633a7a
      cachedReference = class org.eclipse.osgi.internal.serviceregistry.ServiceReferenceImpl@637b3317
      cachedService = class com.ibm.ws.kernel.service.location.internal.VariableRegistryHelper@13ca753b
    variableRegistry = class com.ibm.ws.kernel.service.location.internal.VariableRegistryHelper@13ca753b
      registry = class com.ibm.ws.kernel.service.location.internal.SymbolRegistry@15008592
      serialVersionUID = 6631204287320083732
      $$$tc$$$ = class com.ibm.websphere.ras.TraceComponent@76a4a917
    configurationAdminRef = class org.eclipse.osgi.internal.serviceregistry.ServiceRegistrationImpl@4d3175f6
      registry = class org.eclipse.osgi.internal.serviceregistry.ServiceRegistry@93859e8
      context = class org.eclipse.osgi.internal.framework.BundleContextImpl@152d62a0
      bundle = class org.eclipse.osgi.internal.framework.EquinoxBundle@5bf571d4
      clazzes = class java.lang.String[1]
      service = class com.ibm.ws.config.admin.internal.ConfigAdminServiceFactory@39e34f14
      reference = class org.eclipse.osgi.internal.serviceregistry.ServiceReferenceImpl@57cb09ed
      contextsUsing = class java.util.ArrayList@5e589c50
      properties = class org.eclipse.osgi.internal.serviceregistry.ServiceProperties@3f506be1
      serviceid = 43
      serviceranking = 0
      registrationLock = class java.lang.Object@74ec82fa
      state = 0
      REGISTERED = 0
      UNREGISTERING = 1
      UNREGISTERED = 2
      $assertionsDisabled = true
    serialVersionUID = 6695202270027014725
  persistedConfig = class com.ibm.ws.config.admin.internal.PersistedConfigManager@619c037d
    persistDir = class java.io.File@d2582fc
      fs = class java.io.UnixFileSystem@2291ffae
      path = "/home/brendanyhy/git/EtcdTestPipeline/server-files/wlp/usr/servers/defaultServer/workarea/org.eclipse.osgi/8/data/configs"
      status = class java.io.File$PathStatus@4b78f5cc
      prefixLength = 1
      separatorChar = /
      separator = "/"
      pathSeparatorChar = :
      pathSeparator = ":"
      PATH_OFFSET = 16
      PREFIX_LENGTH_OFFSET = 12
      UNSAFE = class sun.misc.Unsafe@5a5a2833
      serialVersionUID = 301077366599181567
      filePath = null
      $assertionsDisabled = true
    serialVersionUID = -2732192261493706148
    $$$tc$$$ = class com.ibm.websphere.ras.TraceComponent@489c39d5
      strings[0] = "TraceComponent[com.ibm.ws.config.admin.internal.PersistedConfigManager,class com.ibm.ws.config.admin.internal.PersistedConfigManager,[config],com.ibm.ws.config.internal.resources.ConfigMessages,null]"
  configurations = class java.util.HashMap@5affd572
    serialVersionUID = 362498820763181265
    DEFAULT_INITIAL_CAPACITY = 16
    MAXIMUM_CAPACITY = 1073741824
    DEFAULT_LOAD_FACTOR = 0.75
    TREEIFY_THRESHOLD = 8
    UNTREEIFY_THRESHOLD = 6
    MIN_TREEIFY_CAPACITY = 64
    table = class java.util.HashMap$Node[128]
      table[0] = null
      table[1] = class java.util.HashMap$Node@3eea8352
      table[2] = null
      table[3] = null
      table[4] = null
      table[5] = null
      table[6] = class java.util.HashMap$Node@244a32c3
      table[7] = class java.util.HashMap$Node@18f94ac8
      table[8] = class java.util.HashMap$Node@812e07f
      table[9] = null
      table[10] = class java.util.HashMap$Node@6208023c
      table[11] = class java.util.HashMap$Node@1721e894
      table[12] = class java.util.HashMap$Node@455c4fb2
      table[13] = class java.util.HashMap$Node@5ad25e7e
      table[14] = null
      table[15] = null
      table[16] = class java.util.HashMap$Node@7869aefa
      table[17] = class java.util.HashMap$Node@60149c2b
      table[18] = class java.util.HashMap$Node@47127e44
      table[19] = class java.util.HashMap$Node@ffbe976
      table[20] = null
      table[21] = null
      table[22] = class java.util.HashMap$Node@3a50880d
      table[23] = null
      table[24] = null
      table[25] = null
      table[26] = null
      table[27] = class java.util.HashMap$Node@7ee1aea8
      table[28] = class java.util.HashMap$Node@2a550f6e
      table[29] = class java.util.HashMap$Node@7a35f30b
      table[30] = class java.util.HashMap$Node@441b0ca0
      table[31] = null
      table[32] = class java.util.HashMap$Node@377c7e65
      table[33] = null
      table[34] = null
      table[35] = class java.util.HashMap$Node@3550399b
      table[36] = null
      table[37] = class java.util.HashMap$Node@60282991
      table[38] = class java.util.HashMap$Node@7cca5738
      table[39] = class java.util.HashMap$Node@28119192
      table[40] = null
      table[41] = null
      table[42] = null
      table[43] = null
      table[44] = class java.util.HashMap$Node@1cb9f9ea
      table[45] = class java.util.HashMap$Node@3dfc2f4d
      table[46] = class java.util.HashMap$Node@1321dc5d
      table[47] = class java.util.HashMap$Node@379842aa
      table[48] = null
      table[49] = class java.util.HashMap$Node@64bd9b1a
      table[50] = class java.util.HashMap$Node@38675687
      table[51] = class java.util.HashMap$Node@25b9a6e2
      table[52] = null
      table[53] = null
      table[54] = class java.util.HashMap$Node@50c13ded
      table[55] = class java.util.HashMap$Node@582c09a4
      table[56] = null
      table[57] = null
      table[58] = null
      table[59] = null
      table[60] = null
      table[61] = class java.util.HashMap$Node@5afdbf48
      table[62] = null
      table[63] = null
      table[64] = class java.util.HashMap$Node@329b8c43
      table[65] = null
      table[66] = class java.util.HashMap$Node@6b6ce1a8
      table[67] = null
      table[68] = null
      table[69] = null
      table[70] = null
      table[71] = class java.util.HashMap$Node@5335a448
      table[72] = null
      table[73] = class java.util.HashMap$Node@64855699
      table[74] = null
      table[75] = class java.util.HashMap$Node@a1227de
      table[76] = null
      table[77] = null
      table[78] = null
      table[79] = null
      table[80] = class java.util.HashMap$Node@67ff695
      table[81] = class java.util.HashMap$Node@789615f6
      table[82] = class java.util.HashMap$Node@3669b5e3
      table[83] = null
      table[84] = class java.util.HashMap$Node@2d5e5827
      table[85] = class java.util.HashMap$Node@54ecd847
      table[86] = class java.util.HashMap$Node@1c1d5e89
      table[87] = null
      table[88] = null
      table[89] = class java.util.HashMap$Node@67203644
      table[90] = null
      table[91] = null
      table[92] = class java.util.HashMap$Node@38e0d5e7
      table[93] = class java.util.HashMap$Node@a7c0c5c
      table[94] = class java.util.HashMap$Node@7c63f28c
      table[95] = null
      table[96] = null
      table[97] = null
      table[98] = class java.util.HashMap$Node@1a176952
      table[99] = class java.util.HashMap$Node@24e6c81a
      table[100] = null
      table[101] = null
      table[102] = class java.util.HashMap$Node@4e122e36
      table[103] = null
      table[104] = null
      table[105] = class java.util.HashMap$Node@2d0642ea
      table[106] = null
      table[107] = null
      table[108] = class java.util.HashMap$Node@cfaf3e1
      table[109] = class java.util.HashMap$Node@1ece4c7c
      table[110] = null
      table[111] = class java.util.HashMap$Node@4172a20d
      table[112] = class java.util.HashMap$Node@5efca9db
      table[113] = class java.util.HashMap$Node@5422c1e
      table[114] = class java.util.HashMap$Node@69032d66
      table[115] = class java.util.HashMap$Node@3db59881
      table[116] = null
      table[117] = null
      table[118] = null
      table[119] = class java.util.HashMap$Node@63c5c9d
      table[120] = null
      table[121] = null
      table[122] = null
      table[123] = null
      table[124] = null
      table[125] = null
      table[126] = null
      table[127] = class java.util.HashMap$Node@120aa298
    entrySet = null
    size = 75
    modCount = 83
    threshold = 96
    loadFactor = 0.75
    keySet = null
    values = class java.util.HashMap$Values@af6a68c
      this$0 = class java.util.HashMap@5affd572
      MAX_ARRAY_SIZE = 2147483639
  cachedConfigScanned = true
  cachedConfigScannedLock = class com.ibm.ws.config.admin.internal.ConfigurationStore$1@2f9b8ef6
    this$0 = class com.ibm.ws.config.admin.internal.ConfigurationStore@5c40ebd3
    serialVersionUID = -945624381174440198
    $$$tc$$$ = class com.ibm.websphere.ras.TraceComponent@3a1efc61
      strings[0] = "TraceComponent[com.ibm.ws.config.admin.internal.ConfigurationStore$1,class com.ibm.ws.config.admin.internal.ConfigurationStore$1,[config],com.ibm.ws.config.internal.resources.ConfigMessages,null]"
  configCount = 0
  serialVersionUID = 2395296793317701213

Dump of objectArray[0]
Object type = java.lang.String
  String value = "com.ibm.ws.app.manager.monitor"

Dump of objectArray[1]
Object type = com.ibm.ws.config.admin.internal.ExtendedConfigurationImpl
  bundleLocation = null
  boundBundle = null
  caFactory = class com.ibm.ws.config.admin.internal.ConfigAdminServiceFactory@39e34f14
    tc = class com.ibm.websphere.ras.TraceComponent@422e3013
      strings[0] = "TraceComponent[com.ibm.ws.config.admin.internal.ConfigAdminServiceFactory,class com.ibm.ws.config.admin.internal.ConfigAdminServiceFactory,[config],com.ibm.ws.config.internal.resources.ConfigMessages,null]"
    configurationPermission = class org.osgi.service.cm.ConfigurationPermission@5aca559d
      serialVersionUID = 5716868734811965383
      CONFIGURE = "configure"
      TARGET = "target"
      ACTION_CONFIGURE = 1
      ACTION_TARGET = 2
      ACTION_ALL = 3
      ACTION_NONE = 0
      action_mask = 1
      actions = null
      substrings = class java.util.ArrayList@f49a39c
      serialVersionUID = 6279438298436773498
      wildcard = true
      path = ""
      exitVM = false
      serialVersionUID = -5636570222231596674
      name = "*"
    INDEX_DICTIONARY = 0
    INDEX_LOCATION = 1
    INDEX_METATYPE_PROCESSED = 2
    INDEX_IN_OVERRIDES_FILE = 3
    INDEX_REFERENCES = 4
    INDEX_UNIQUES = 5
    bundleContext = class org.eclipse.osgi.internal.framework.BundleContextImpl@152d62a0
      findHookName = "org.osgi.framework.hooks.bundle.FindHook"
      valid = true
      bundle = class org.eclipse.osgi.internal.framework.EquinoxBundle@5bf571d4
      container = class org.eclipse.osgi.internal.framework.EquinoxContainer@737228e1
      debug = class org.eclipse.osgi.internal.debug.Debug@174e4aa6
      servicesInUse = class java.util.HashMap@501724b5
      activator = class com.ibm.ws.config.internal.WSConfigActivator@245cc4d0
      contextLock = class java.lang.Object@468bc59a
    msTracker = class com.ibm.ws.config.admin.internal.ManagedServiceTracker@49051d35
      ME = "com.ibm.ws.config.admin.internal.ManagedServiceTracker"
      tc = class com.ibm.websphere.ras.TraceComponent@57e3461b
      caFactory = class com.ibm.ws.config.admin.internal.ConfigAdminServiceFactory@39e34f14
      managedServices = class java.util.HashMap@2414981a
      managedServiceReferences = class java.util.HashMap@1d332b20
      serialVersionUID = -1361093010813248208
      DEBUG = false
      context = class org.eclipse.osgi.internal.framework.BundleContextImpl@152d62a0
      filter = class org.eclipse.osgi.internal.framework.FilterImpl@6b66349d
      customizer = class com.ibm.ws.config.admin.internal.ManagedServiceTracker@49051d35
      listenerFilter = "(objectClass=org.osgi.service.cm.ManagedService)"
      trackClass = "org.osgi.service.cm.ManagedService"
      trackReference = null
      tracked = class org.osgi.util.tracker.ServiceTracker$Tracked@6b32b5a3
      cachedReference = null
      cachedService = null
    msfTracker = class com.ibm.ws.config.admin.internal.ManagedServiceFactoryTracker@6896448b
      ME = "com.ibm.ws.config.admin.internal.ManagedServiceFactoryTracker"
      tc = class com.ibm.websphere.ras.TraceComponent@6f4afb0e
      caFactory = class com.ibm.ws.config.admin.internal.ConfigAdminServiceFactory@39e34f14
      managedServiceFactories = class java.util.HashMap@2d1a1462
      managedServiceFactoryReferences = class java.util.HashMap@5dc66b9
      serialVersionUID = -2719224650925081263
      DEBUG = false
      context = class org.eclipse.osgi.internal.framework.BundleContextImpl@152d62a0
      filter = class org.eclipse.osgi.internal.framework.FilterImpl@73241e50
      customizer = class com.ibm.ws.config.admin.internal.ManagedServiceFactoryTracker@6896448b
      listenerFilter = "(objectClass=org.osgi.service.cm.ManagedServiceFactory)"
      trackClass = "org.osgi.service.cm.ManagedServiceFactory"
      trackReference = null
      tracked = class org.osgi.util.tracker.ServiceTracker$Tracked@bb2166c
      cachedReference = null
      cachedService = null
    pluginManager = class com.ibm.ws.config.admin.internal.PluginManager@6dd5650c
      pluginTracker = class com.ibm.ws.config.admin.internal.PluginManager$PluginTracker@20e101f1
      serialVersionUID = -8398978898050816134
      $$$tc$$$ = class com.ibm.websphere.ras.TraceComponent@5625e50d
    configurationStore = class com.ibm.ws.config.admin.internal.ConfigurationStore@5c40ebd3
      tc = class com.ibm.websphere.ras.TraceComponent@4f4efa3e
      caFactory = class com.ibm.ws.config.admin.internal.ConfigAdminServiceFactory@39e34f14
      persistedConfig = class com.ibm.ws.config.admin.internal.PersistedConfigManager@619c037d
      configurations = class java.util.HashMap@5affd572
      cachedConfigScanned = true
      cachedConfigScannedLock = class com.ibm.ws.config.admin.internal.ConfigurationStore$1@2f9b8ef6
      configCount = 0
      serialVersionUID = 2395296793317701213
    updateQueue = class com.ibm.ws.config.admin.internal.UpdateQueue@653bb396
      tc = class com.ibm.websphere.ras.TraceComponent@74c83dd7
      threadPool = class java.util.concurrent.ThreadPoolExecutor@4a2e06c0
      queues = class com.ibm.ws.config.admin.internal.UpdateQueue$Queue[2]
      serialVersionUID = -2220987240531172166
    ced = class com.ibm.ws.config.admin.internal.ConfigEventDispatcher@4b6f6b1
      ME = "com.ibm.ws.config.admin.internal.ConfigEventDispatcher"
      tc = class com.ibm.websphere.ras.TraceComponent@65fb95ff
      st = class org.osgi.util.tracker.ServiceTracker@68b600b1
      configAdminReference = class org.eclipse.osgi.internal.serviceregistry.ServiceReferenceImpl@57cb09ed
      caFactory = class com.ibm.ws.config.admin.internal.ConfigAdminServiceFactory@39e34f14
      serialVersionUID = 7387440399302146247
    idMap = class java.util.Collections$SynchronizedMap@5e5e48b0
      serialVersionUID = 1978198479659022715
      m = class java.util.HashMap@10a9829c
      mutex = class java.util.Collections$SynchronizedMap@5e5e48b0
      keySet = null
      entrySet = null
      values = null
    referenceMap = class java.util.Collections$SynchronizedMap@1865ab72
      serialVersionUID = 1978198479659022715
      m = class java.util.HashMap@6006f571
      mutex = class java.util.Collections$SynchronizedMap@1865ab72
      keySet = null
      entrySet = null
      values = null
    variableRegistryTracker = class org.osgi.util.tracker.ServiceTracker@20fa0ceb
      DEBUG = false
      context = class org.eclipse.osgi.internal.framework.BundleContextImpl@152d62a0
      filter = class org.eclipse.osgi.internal.framework.FilterImpl@6fdcf9ce
      customizer = class org.osgi.util.tracker.ServiceTracker@20fa0ceb
      listenerFilter = "(objectClass=com.ibm.wsspi.kernel.service.location.VariableRegistry)"
      trackClass = "com.ibm.wsspi.kernel.service.location.VariableRegistry"
      trackReference = null
      tracked = class org.osgi.util.tracker.ServiceTracker$Tracked@39633a7a
      cachedReference = class org.eclipse.osgi.internal.serviceregistry.ServiceReferenceImpl@637b3317
      cachedService = class com.ibm.ws.kernel.service.location.internal.VariableRegistryHelper@13ca753b
    variableRegistry = class com.ibm.ws.kernel.service.location.internal.VariableRegistryHelper@13ca753b
      registry = class com.ibm.ws.kernel.service.location.internal.SymbolRegistry@15008592
      serialVersionUID = 6631204287320083732
      $$$tc$$$ = class com.ibm.websphere.ras.TraceComponent@76a4a917
    configurationAdminRef = class org.eclipse.osgi.internal.serviceregistry.ServiceRegistrationImpl@4d3175f6
      registry = class org.eclipse.osgi.internal.serviceregistry.ServiceRegistry@93859e8
      context = class org.eclipse.osgi.internal.framework.BundleContextImpl@152d62a0
      bundle = class org.eclipse.osgi.internal.framework.EquinoxBundle@5bf571d4
      clazzes = class java.lang.String[1]
      service = class com.ibm.ws.config.admin.internal.ConfigAdminServiceFactory@39e34f14
      reference = class org.eclipse.osgi.internal.serviceregistry.ServiceReferenceImpl@57cb09ed
      contextsUsing = class java.util.ArrayList@5e589c50
      properties = class org.eclipse.osgi.internal.serviceregistry.ServiceProperties@3f506be1
      serviceid = 43
      serviceranking = 0
      registrationLock = class java.lang.Object@74ec82fa
      state = 0
      REGISTERED = 0
      UNREGISTERING = 1
      UNREGISTERED = 2
      $assertionsDisabled = true
    serialVersionUID = 6695202270027014725
  factoryPid = null
  pid = "com.ibm.ws.app.manager.monitor"
  properties = class com.ibm.ws.config.admin.ConfigurationDictionary@5135cf2d
    serialVersionUID = 7966152868712543805
    simpleTypes = class java.util.Arrays$ArrayList@77a79c07
      serialVersionUID = -2764017481108945198
      a = class java.lang.Class[9]
      modCount = 0
      MAX_ARRAY_SIZE = 2147483639
    primitiveArrayTypes = class java.util.Arrays$ArrayList@2fcb7dc1
      serialVersionUID = -2764017481108945198
      a = class java.lang.Class[8]
      modCount = 0
      MAX_ARRAY_SIZE = 2147483639
    simpleArrayTypes = class java.util.Arrays$ArrayList@35793deb
      serialVersionUID = -2764017481108945198
      a = class java.lang.Class[9]
      modCount = 0
      MAX_ARRAY_SIZE = 2147483639
    extendedTypes = class java.util.Arrays$ArrayList@2989108b
      serialVersionUID = -2764017481108945198
      a = class java.lang.Class[2]
      modCount = 0
      MAX_ARRAY_SIZE = 2147483639
    CASE_INSENSITIVE = class com.ibm.ws.config.admin.ConfigurationDictionary$CaseInsensitive@2948fa6d
      serialVersionUID = 7962325242424955159
    properties = class java.util.Collections$SynchronizedMap@13ce503e
      serialVersionUID = 1978198479659022715
      m = class java.util.TreeMap@4e7faea1
      mutex = class java.util.Collections$SynchronizedMap@13ce503e
      keySet = null
      entrySet = null
      values = null
  hashCode = 0
  deleted = false
  inOverridesFile = true
  references = class java.util.Collections$EmptySet@7e1bc2da
    serialVersionUID = 1582296315990362920
    MAX_ARRAY_SIZE = 2147483639
  uniqueVariables = class java.util.HashSet@6aa7b5bb
    serialVersionUID = -5024744406713321676
    map = class java.util.HashMap@44133591
      serialVersionUID = 362498820763181265
      DEFAULT_INITIAL_CAPACITY = 16
      MAXIMUM_CAPACITY = 1073741824
      DEFAULT_LOAD_FACTOR = 0.75
      TREEIFY_THRESHOLD = 8
      UNTREEIFY_THRESHOLD = 6
      MIN_TREEIFY_CAPACITY = 64
      table = null
      entrySet = null
      size = 0
      modCount = 0
      threshold = 0
      loadFactor = 0.75
      keySet = null
      values = null
    PRESENT = class java.lang.Object@32450dae
    MAX_ARRAY_SIZE = 2147483639
  lock = class java.util.concurrent.locks.ReentrantLock@7bfe1a93
    serialVersionUID = 7373984872572414699
    sync = class java.util.concurrent.locks.ReentrantLock$NonfairSync@4f328502
      serialVersionUID = 7316153563782823691
      serialVersionUID = -5179523762034025860
      serialVersionUID = 7373984972572414691
      head = null
      tail = null
      state = 1
      spinForTimeoutThreshold = 1000
      unsafe = class sun.misc.Unsafe@5a5a2833
      stateOffset = 16
      headOffset = 20
      tailOffset = 24
      waitStatusOffset = 12
      nextOffset = 20
      serialVersionUID = 3737899427754241961
      exclusiveOwnerThread = class java.lang.Thread@462a1970
  changeCount = class java.util.concurrent.atomic.AtomicLong@6c7da63b
    serialVersionUID = 1927816293512124184
    unsafe = class sun.misc.Unsafe@5a5a2833
      theUnsafe = class sun.misc.Unsafe@5a5a2833
      INVALID_FIELD_OFFSET = -1
      ARRAY_BOOLEAN_BASE_OFFSET = 16
      ARRAY_BYTE_BASE_OFFSET = 16
      ARRAY_SHORT_BASE_OFFSET = 16
      ARRAY_CHAR_BASE_OFFSET = 16
      ARRAY_INT_BASE_OFFSET = 16
      ARRAY_LONG_BASE_OFFSET = 16
      ARRAY_FLOAT_BASE_OFFSET = 16
      ARRAY_DOUBLE_BASE_OFFSET = 16
      ARRAY_OBJECT_BASE_OFFSET = 16
      ARRAY_BOOLEAN_INDEX_SCALE = 1
      ARRAY_BYTE_INDEX_SCALE = 1
      ARRAY_SHORT_INDEX_SCALE = 2
      ARRAY_CHAR_INDEX_SCALE = 2
      ARRAY_INT_INDEX_SCALE = 4
      ARRAY_LONG_INDEX_SCALE = 8
      ARRAY_FLOAT_INDEX_SCALE = 4
      ARRAY_DOUBLE_INDEX_SCALE = 8
      ARRAY_OBJECT_INDEX_SCALE = 4
      ADDRESS_SIZE = 8
    valueOffset = 16
    VM_SUPPORTS_LONG_CAS = true
    value = 0
    serialVersionUID = -8742448824652078965
  configId = null
  sendEvents = false
  serialVersionUID = -7173954266841568360
  $$$tc$$$ = class com.ibm.websphere.ras.TraceComponent@287e5f95
    strings[0] = "TraceComponent[com.ibm.ws.config.admin.internal.ExtendedConfigurationImpl,class com.ibm.ws.config.admin.internal.ExtendedConfigurationImpl,[config],com.ibm.ws.config.internal.resources.ConfigMessages,null]"

