------Start of DE processing------ = [9/29/16 11:08:07:610 SGT]
Exception = java.io.FileNotFoundException
Source = com.ibm.ws.config.xml.internal.ConfigUpdater
probeid = 267
Stack Dump = java.io.FileNotFoundException: /home/brendanyhy/git/EtcdTestPipeline/server-files/wlp/usr/servers/defaultServer/workarea/org.eclipse.osgi/8/data/configs/com.ibm.ws.app.management!2076223963 (No such file or directory)
	at java.io.FileOutputStream.open0(Native Method)
	at java.io.FileOutputStream.open(FileOutputStream.java:270)
	at java.io.FileOutputStream.<init>(FileOutputStream.java:213)
	at com.ibm.ws.config.admin.internal.ConfigurationStore.serializeConfigurationData(ConfigurationStore.java:211)
	at com.ibm.ws.config.admin.internal.ConfigurationStore$2.run(ConfigurationStore.java:123)
	at java.security.AccessController.doPrivileged(Native Method)
	at com.ibm.ws.config.admin.internal.ConfigurationStore.saveConfiguration(ConfigurationStore.java:120)
	at com.ibm.ws.config.admin.internal.ExtendedConfigurationImpl.updateCache(ExtendedConfigurationImpl.java:471)
	at com.ibm.ws.config.xml.internal.ConfigUpdater.updateConfiguration(ConfigUpdater.java:266)
	at com.ibm.ws.config.xml.internal.ConfigUpdater.updateConfiguration(ConfigUpdater.java:196)
	at com.ibm.ws.config.xml.internal.ConfigUpdater.update(ConfigUpdater.java:111)
	at com.ibm.ws.config.xml.internal.ConfigUpdater.update(ConfigUpdater.java:97)
	at com.ibm.ws.config.xml.internal.ChangeHandler.switchConfiguration(ChangeHandler.java:104)
	at com.ibm.ws.config.xml.internal.ConfigRefresher.refreshConfiguration(ConfigRefresher.java:114)
	at com.ibm.ws.config.xml.internal.ConfigFileMonitor.onChange(ConfigFileMonitor.java:143)
	at com.ibm.ws.kernel.filemonitor.internal.MonitorHolder.scheduledScan(MonitorHolder.java:694)
	at com.ibm.ws.kernel.filemonitor.internal.MonitorHolder.run(MonitorHolder.java:551)
	at com.ibm.ws.threading.internal.SchedulingRunnableFixedHelper.run(SchedulingRunnableFixedHelper.java:273)
	at java.util.concurrent.Executors$RunnableAdapter.call(Executors.java:511)
	at java.util.concurrent.FutureTask.run(FutureTask.java:266)
	at java.util.concurrent.ThreadPoolExecutor.runWorker(ThreadPoolExecutor.java:1142)
	at java.util.concurrent.ThreadPoolExecutor$Worker.run(ThreadPoolExecutor.java:617)
	at java.lang.Thread.run(Thread.java:745)

Dump of callerThis
Object type = com.ibm.ws.config.xml.internal.ConfigUpdater
  tc = class com.ibm.websphere.ras.TraceComponent@36752a75
    strings[0] = "TraceComponent[com.ibm.ws.config.xml.internal.ConfigUpdater,class com.ibm.ws.config.xml.internal.ConfigUpdater,[config],com.ibm.ws.config.internal.resources.ConfigMessages,null]"
  configEvaluator = class com.ibm.ws.config.xml.internal.ConfigEvaluator@14f462c1
    tc = class com.ibm.websphere.ras.TraceComponent@a49e69d
      strings[0] = "TraceComponent[com.ibm.ws.config.xml.internal.ConfigEvaluator,class com.ibm.ws.config.xml.internal.ConfigEvaluator,[config],com.ibm.ws.config.internal.resources.ConfigMessages,null]"
    EMPTY_STRING = ""
    ALL_PIDS = "*"
    configRetriever = class com.ibm.ws.config.xml.internal.ConfigRetriever@334488d9
      tc = class com.ibm.websphere.ras.TraceComponent@2460dd05
      caSupport = class com.ibm.ws.config.admin.internal.SystemConfigSupportImpl@5fc31299
      configAdmin = class com.ibm.ws.config.admin.internal.ConfigurationAdminImpl@554f8623
      variableRegistry = class com.ibm.ws.config.xml.internal.ConfigVariableRegistry@51ceec7
      serialVersionUID = -2418731197807035025
    metatypeRegistry = class com.ibm.ws.config.xml.internal.MetaTypeRegistry@2cb33fc6
    variableRegistry = class com.ibm.ws.config.xml.internal.ConfigVariableRegistry@51ceec7
    serverXMLConfig = class com.ibm.ws.config.xml.internal.ServerXMLConfiguration@11e47998
      tc = class com.ibm.websphere.ras.TraceComponent@1de1263d
      configRoot = class com.ibm.ws.kernel.service.location.internal.LocalFileResource@1de10e3d
      configDropinDefaults = class com.ibm.ws.kernel.service.location.internal.LocalFileResource@2158a336
      configDropinOverrides = class com.ibm.ws.kernel.service.location.internal.LocalFileResource@75c1cb0f
      bundleContext = class org.eclipse.osgi.internal.framework.BundleContextImpl@152d62a0
      serverConfiguration = class com.ibm.ws.config.xml.internal.ServerConfiguration@1b98d973
      CONFIG_DROPINS = "configDropins"
      CONFIG_DROPIN_DEFAULTS = "configDropins/defaults/"
      CONFIG_DROPIN_OVERRIDES = "configDropins/overrides/"
      configReadTime = 1474950888000
      parser = class com.ibm.ws.config.xml.internal.XMLConfigParser@e9dbcdb
      serialVersionUID = -173981188152250166
    serialVersionUID = 5015797155440334278
  variableRegistry = class com.ibm.ws.config.xml.internal.ConfigVariableRegistry@51ceec7
    tc = class com.ibm.websphere.ras.TraceComponent@556688ff
      strings[0] = "TraceComponent[com.ibm.ws.config.xml.internal.ConfigVariableRegistry,class com.ibm.ws.config.xml.internal.ConfigVariableRegistry,[config],com.ibm.ws.config.internal.resources.ConfigMessages,null]"
    UNIQUE = "UNIQUE_"
    IN_USE = "WLP_VAR_IN_USE"
    registry = class com.ibm.ws.kernel.service.location.internal.VariableRegistryHelper@13ca753b
      registry = class com.ibm.ws.kernel.service.location.internal.SymbolRegistry@15008592
      serialVersionUID = 6631204287320083732
      $$$tc$$$ = class com.ibm.websphere.ras.TraceComponent@76a4a917
    variableCacheFile = class java.io.File@6de98174
      fs = class java.io.UnixFileSystem@2291ffae
      path = "/home/brendanyhy/git/EtcdTestPipeline/server-files/wlp/usr/servers/defaultServer/workarea/org.eclipse.osgi/8/data/variableCache"
      status = class java.io.File$PathStatus@4b78f5cc
      prefixLength = 1
      separatorChar = /
      separator = "/"
      pathSeparatorChar = :
      pathSeparator = ":"
      PATH_OFFSET = 16
      PREFIX_LENGTH_OFFSET = 12
      UNSAFE = class sun.misc.Unsafe@5a5a2833
      serialVersionUID = 301077366599181567
      filePath = null
      $assertionsDisabled = true
    configVariables = class java.util.HashMap@23a77292
      serialVersionUID = 362498820763181265
      DEFAULT_INITIAL_CAPACITY = 16
      MAXIMUM_CAPACITY = 1073741824
      DEFAULT_LOAD_FACTOR = 0.75
      TREEIFY_THRESHOLD = 8
      UNTREEIFY_THRESHOLD = 6
      MIN_TREEIFY_CAPACITY = 64
      table = null
      entrySet = class java.util.HashMap$EntrySet@63cc82d6
      size = 0
      modCount = 0
      threshold = 0
      loadFactor = 0.75
      keySet = null
      values = null
    variableCache = class java.util.HashMap@73692635
      serialVersionUID = 362498820763181265
      DEFAULT_INITIAL_CAPACITY = 16
      MAXIMUM_CAPACITY = 1073741824
      DEFAULT_LOAD_FACTOR = 0.75
      TREEIFY_THRESHOLD = 8
      UNTREEIFY_THRESHOLD = 6
      MIN_TREEIFY_CAPACITY = 64
      table = class java.util.HashMap$Node[64]
      entrySet = class java.util.HashMap$EntrySet@37f10fb3
      size = 35
      modCount = 35
      threshold = 48
      loadFactor = 0.75
      keySet = null
      values = null
    defaultVariableCache = class java.util.HashMap@35e28bb3
      serialVersionUID = 362498820763181265
      DEFAULT_INITIAL_CAPACITY = 16
      MAXIMUM_CAPACITY = 1073741824
      DEFAULT_LOAD_FACTOR = 0.75
      TREEIFY_THRESHOLD = 8
      UNTREEIFY_THRESHOLD = 6
      MIN_TREEIFY_CAPACITY = 64
      table = class java.util.HashMap$Node[16]
      entrySet = null
      size = 3
      modCount = 3
      threshold = 12
      loadFactor = 0.75
      keySet = null
      values = null
    serialVersionUID = -1196293758344540930
  caSupport = class com.ibm.ws.config.admin.internal.SystemConfigSupportImpl@5fc31299
    caFactory = class com.ibm.ws.config.admin.internal.ConfigAdminServiceFactory@39e34f14
      tc = class com.ibm.websphere.ras.TraceComponent@422e3013
      configurationPermission = class org.osgi.service.cm.ConfigurationPermission@5aca559d
      INDEX_DICTIONARY = 0
      INDEX_LOCATION = 1
      INDEX_METATYPE_PROCESSED = 2
      INDEX_IN_OVERRIDES_FILE = 3
      INDEX_REFERENCES = 4
      INDEX_UNIQUES = 5
      bundleContext = class org.eclipse.osgi.internal.framework.BundleContextImpl@152d62a0
      msTracker = class com.ibm.ws.config.admin.internal.ManagedServiceTracker@49051d35
      msfTracker = class com.ibm.ws.config.admin.internal.ManagedServiceFactoryTracker@6896448b
      pluginManager = class com.ibm.ws.config.admin.internal.PluginManager@6dd5650c
      configurationStore = class com.ibm.ws.config.admin.internal.ConfigurationStore@5c40ebd3
      updateQueue = class com.ibm.ws.config.admin.internal.UpdateQueue@653bb396
      ced = class com.ibm.ws.config.admin.internal.ConfigEventDispatcher@4b6f6b1
      idMap = class java.util.Collections$SynchronizedMap@5e5e48b0
      referenceMap = class java.util.Collections$SynchronizedMap@1865ab72
      variableRegistryTracker = class org.osgi.util.tracker.ServiceTracker@20fa0ceb
      variableRegistry = class com.ibm.ws.kernel.service.location.internal.VariableRegistryHelper@13ca753b
      configurationAdminRef = class org.eclipse.osgi.internal.serviceregistry.ServiceRegistrationImpl@4d3175f6
      serialVersionUID = 6695202270027014725
    caSupportRef = class org.eclipse.osgi.internal.serviceregistry.ServiceRegistrationImpl@3610145e
      registry = class org.eclipse.osgi.internal.serviceregistry.ServiceRegistry@93859e8
      context = class org.eclipse.osgi.internal.framework.BundleContextImpl@152d62a0
      bundle = class org.eclipse.osgi.internal.framework.EquinoxBundle@5bf571d4
      clazzes = class java.lang.String[1]
      service = class com.ibm.ws.config.admin.internal.SystemConfigSupportImpl@5fc31299
      reference = class org.eclipse.osgi.internal.serviceregistry.ServiceReferenceImpl@254c78e9
      contextsUsing = class java.util.ArrayList@51d3511
      properties = class org.eclipse.osgi.internal.serviceregistry.ServiceProperties@5588d7d6
      serviceid = 44
      serviceranking = 0
      registrationLock = class java.lang.Object@255d74dc
      state = 0
      REGISTERED = 0
      UNREGISTERING = 1
      UNREGISTERED = 2
      $assertionsDisabled = true
    eventTracker = class org.osgi.util.tracker.ServiceTracker@1aa368d
      DEBUG = false
      context = class org.eclipse.osgi.internal.framework.BundleContextImpl@152d62a0
      filter = class org.eclipse.osgi.internal.framework.FilterImpl@4943b5aa
      customizer = class org.osgi.util.tracker.ServiceTracker@1aa368d
      listenerFilter = "(objectClass=org.osgi.service.event.EventAdmin)"
      trackClass = "org.osgi.service.event.EventAdmin"
      trackReference = null
      tracked = class org.osgi.util.tracker.ServiceTracker$Tracked@3addd9cf
      cachedReference = null
      cachedService = null
    serialVersionUID = -5567496331460706713
    $$$tc$$$ = class com.ibm.websphere.ras.TraceComponent@5a12d604
      strings[0] = "TraceComponent[com.ibm.ws.config.admin.internal.SystemConfigSupportImpl,class com.ibm.ws.config.admin.internal.SystemConfigSupportImpl,[config],com.ibm.ws.config.internal.resources.ConfigMessages,null]"
  extendedMetatypeManager = class com.ibm.ws.config.xml.internal.ExtendedMetatypeManager@79ee1d96
    tc = class com.ibm.websphere.ras.TraceComponent@5cc8861d
      strings[0] = "TraceComponent[com.ibm.ws.config.xml.internal.ExtendedMetatypeManager,class com.ibm.ws.config.xml.internal.ExtendedMetatypeManager,[config],com.ibm.ws.config.internal.resources.ConfigMessages,null]"
    EXT_SOURCE_PID_KEY = "ibm.extends.source.pid"
    EXT_IMMEDIATE_SUBTYPE_PID_KEY = "ibm.extends.subtype.pid"
    EXT_SOURCE_FACTORY_KEY = "ibm.extends.source.factoryPid"
    metatypeRegistry = class com.ibm.ws.config.xml.internal.MetaTypeRegistry@2cb33fc6
    configAdmin = class com.ibm.ws.config.admin.internal.ConfigurationAdminImpl@554f8623
      bundle = class org.eclipse.osgi.internal.framework.EquinoxBundle@5bf571d4
      caFactory = class com.ibm.ws.config.admin.internal.ConfigAdminServiceFactory@39e34f14
      serialVersionUID = -3783880043350273893
      $$$tc$$$ = class com.ibm.websphere.ras.TraceComponent@7ec9e7b4
    knownSupertypeConfigs = class java.util.HashMap@168a7b6d
      serialVersionUID = 362498820763181265
      DEFAULT_INITIAL_CAPACITY = 16
      MAXIMUM_CAPACITY = 1073741824
      DEFAULT_LOAD_FACTOR = 0.75
      TREEIFY_THRESHOLD = 8
      UNTREEIFY_THRESHOLD = 6
      MIN_TREEIFY_CAPACITY = 64
      table = class java.util.HashMap$Node[16]
      entrySet = null
      size = 0
      modCount = 2
      threshold = 12
      loadFactor = 0.75
      keySet = null
      values = null
    index = -1
    serialVersionUID = -5964489346879728611
  unresolvedReferences = class java.util.HashSet@4ebb8a00
    serialVersionUID = -5024744406713321676
    map = class java.util.HashMap@14a15e5a
      serialVersionUID = 362498820763181265
      DEFAULT_INITIAL_CAPACITY = 16
      MAXIMUM_CAPACITY = 1073741824
      DEFAULT_LOAD_FACTOR = 0.75
      TREEIFY_THRESHOLD = 8
      UNTREEIFY_THRESHOLD = 6
      MIN_TREEIFY_CAPACITY = 64
      table = class java.util.HashMap$Node[16]
      entrySet = null
      size = 3
      modCount = 11
      threshold = 12
      loadFactor = 0.75
      keySet = class java.util.HashMap$KeySet@550039b3
      values = null
    PRESENT = class java.lang.Object@32450dae
    MAX_ARRAY_SIZE = 2147483639
  metatypeRegistry = class com.ibm.ws.config.xml.internal.MetaTypeRegistry@2cb33fc6
    tc = class com.ibm.websphere.ras.TraceComponent@19d9208b
      strings[0] = "TraceComponent[com.ibm.ws.config.xml.internal.MetaTypeRegistry,class com.ibm.ws.config.xml.internal.MetaTypeRegistry,[config],com.ibm.ws.config.internal.resources.ConfigMessages,null]"
    MTP_REMOVED_TOPIC = "internal_mtp_removed"
    MTP_ADDED_TOPIC = "internal_mtp_added"
    UPDATED_PIDS = "internal_mtp_updated_pids"
    BUNDLE = "internal_mtp_bundle"
    MTP_INFO = "internal_mtp_info"
    entryMap = class java.util.concurrent.ConcurrentHashMap@668dacf2
      serialVersionUID = 7249069246763182397
      MAXIMUM_CAPACITY = 1073741824
      DEFAULT_CAPACITY = 16
      MAX_ARRAY_SIZE = 2147483639
      DEFAULT_CONCURRENCY_LEVEL = 16
      LOAD_FACTOR = 0.75
      TREEIFY_THRESHOLD = 8
      UNTREEIFY_THRESHOLD = 6
      MIN_TREEIFY_CAPACITY = 64
      MIN_TRANSFER_STRIDE = 16
      RESIZE_STAMP_BITS = 16
      MAX_RESIZERS = 65535
      RESIZE_STAMP_SHIFT = 16
      MOVED = -1
      TREEBIN = -2
      RESERVED = -3
      HASH_BITS = 2147483647
      NCPU = 2
      serialPersistentFields = class java.io.ObjectStreamField[3]
      table = class java.util.concurrent.ConcurrentHashMap$Node[256]
      nextTable = null
      baseCount = 111
      sizeCtl = 192
      transferIndex = 0
      cellsBusy = 0
      counterCells = null
      keySet = null
      values = class java.util.concurrent.ConcurrentHashMap$ValuesView@4cd4d8df
      entrySet = null
      U = class sun.misc.Unsafe@5a5a2833
      SIZECTL = 20
      TRANSFERINDEX = 32
      BASECOUNT = 24
      CELLSBUSY = 36
      CELLVALUE = 144
      ABASE = 16
      ASHIFT = 2
      keySet = null
      values = null
    aliasMap = class java.util.concurrent.ConcurrentHashMap@7118f2ba
      serialVersionUID = 7249069246763182397
      MAXIMUM_CAPACITY = 1073741824
      DEFAULT_CAPACITY = 16
      MAX_ARRAY_SIZE = 2147483639
      DEFAULT_CONCURRENCY_LEVEL = 16
      LOAD_FACTOR = 0.75
      TREEIFY_THRESHOLD = 8
      UNTREEIFY_THRESHOLD = 6
      MIN_TREEIFY_CAPACITY = 64
      MIN_TRANSFER_STRIDE = 16
      RESIZE_STAMP_BITS = 16
      MAX_RESIZERS = 65535
      RESIZE_STAMP_SHIFT = 16
      MOVED = -1
      TREEBIN = -2
      RESERVED = -3
      HASH_BITS = 2147483647
      NCPU = 2
      serialPersistentFields = class java.io.ObjectStreamField[3]
      table = class java.util.concurrent.ConcurrentHashMap$Node[128]
      nextTable = null
      baseCount = 69
      sizeCtl = 96
      transferIndex = 0
      cellsBusy = 0
      counterCells = null
      keySet = null
      values = null
      entrySet = null
      U = class sun.misc.Unsafe@5a5a2833
      SIZECTL = 20
      TRANSFERINDEX = 32
      BASECOUNT = 24
      CELLSBUSY = 36
      CELLVALUE = 144
      ABASE = 16
      ASHIFT = 2
      keySet = null
      values = null
    invalidEntryMap = class java.util.concurrent.ConcurrentHashMap@43826db8
      serialVersionUID = 7249069246763182397
      MAXIMUM_CAPACITY = 1073741824
      DEFAULT_CAPACITY = 16
      MAX_ARRAY_SIZE = 2147483639
      DEFAULT_CONCURRENCY_LEVEL = 16
      LOAD_FACTOR = 0.75
      TREEIFY_THRESHOLD = 8
      UNTREEIFY_THRESHOLD = 6
      MIN_TREEIFY_CAPACITY = 64
      MIN_TRANSFER_STRIDE = 16
      RESIZE_STAMP_BITS = 16
      MAX_RESIZERS = 65535
      RESIZE_STAMP_SHIFT = 16
      MOVED = -1
      TREEBIN = -2
      RESERVED = -3
      HASH_BITS = 2147483647
      NCPU = 2
      serialPersistentFields = class java.io.ObjectStreamField[3]
      table = class java.util.concurrent.ConcurrentHashMap$Node[16]
      nextTable = null
      baseCount = 0
      sizeCtl = 12
      transferIndex = 0
      cellsBusy = 0
      counterCells = null
      keySet = null
      values = null
      entrySet = null
      U = class sun.misc.Unsafe@5a5a2833
      SIZECTL = 20
      TRANSFERINDEX = 32
      BASECOUNT = 24
      CELLSBUSY = 36
      CELLVALUE = 144
      ABASE = 16
      ASHIFT = 2
      keySet = null
      values = null
    childAliasMap = class java.util.concurrent.ConcurrentHashMap@79443f39
      serialVersionUID = 7249069246763182397
      MAXIMUM_CAPACITY = 1073741824
      DEFAULT_CAPACITY = 16
      MAX_ARRAY_SIZE = 2147483639
      DEFAULT_CONCURRENCY_LEVEL = 16
      LOAD_FACTOR = 0.75
      TREEIFY_THRESHOLD = 8
      UNTREEIFY_THRESHOLD = 6
      MIN_TREEIFY_CAPACITY = 64
      MIN_TRANSFER_STRIDE = 16
      RESIZE_STAMP_BITS = 16
      MAX_RESIZERS = 65535
      RESIZE_STAMP_SHIFT = 16
      MOVED = -1
      TREEBIN = -2
      RESERVED = -3
      HASH_BITS = 2147483647
      NCPU = 2
      serialPersistentFields = class java.io.ObjectStreamField[3]
      table = class java.util.concurrent.ConcurrentHashMap$Node[32]
      nextTable = null
      baseCount = 20
      sizeCtl = 24
      transferIndex = 0
      cellsBusy = 0
      counterCells = null
      keySet = null
      values = null
      entrySet = null
      U = class sun.misc.Unsafe@5a5a2833
      SIZECTL = 20
      TRANSFERINDEX = 32
      BASECOUNT = 24
      CELLSBUSY = 36
      CELLVALUE = 144
      ABASE = 16
      ASHIFT = 2
      keySet = null
      values = null
    childPidMap = class java.util.concurrent.ConcurrentHashMap@7225e6df
      serialVersionUID = 7249069246763182397
      MAXIMUM_CAPACITY = 1073741824
      DEFAULT_CAPACITY = 16
      MAX_ARRAY_SIZE = 2147483639
      DEFAULT_CONCURRENCY_LEVEL = 16
      LOAD_FACTOR = 0.75
      TREEIFY_THRESHOLD = 8
      UNTREEIFY_THRESHOLD = 6
      MIN_TREEIFY_CAPACITY = 64
      MIN_TRANSFER_STRIDE = 16
      RESIZE_STAMP_BITS = 16
      MAX_RESIZERS = 65535
      RESIZE_STAMP_SHIFT = 16
      MOVED = -1
      TREEBIN = -2
      RESERVED = -3
      HASH_BITS = 2147483647
      NCPU = 2
      serialPersistentFields = class java.io.ObjectStreamField[3]
      table = class java.util.concurrent.ConcurrentHashMap$Node[32]
      nextTable = null
      baseCount = 20
      sizeCtl = 24
      transferIndex = 0
      cellsBusy = 0
      counterCells = null
      keySet = null
      values = null
      entrySet = null
      U = class sun.misc.Unsafe@5a5a2833
      SIZECTL = 20
      TRANSFERINDEX = 32
      BASECOUNT = 24
      CELLSBUSY = 36
      CELLVALUE = 144
      ABASE = 16
      ASHIFT = 2
      keySet = null
      values = null
    serviceToObjectClassMap = class java.util.concurrent.ConcurrentHashMap@441e5703
      serialVersionUID = 7249069246763182397
      MAXIMUM_CAPACITY = 1073741824
      DEFAULT_CAPACITY = 16
      MAX_ARRAY_SIZE = 2147483639
      DEFAULT_CONCURRENCY_LEVEL = 16
      LOAD_FACTOR = 0.75
      TREEIFY_THRESHOLD = 8
      UNTREEIFY_THRESHOLD = 6
      MIN_TREEIFY_CAPACITY = 64
      MIN_TRANSFER_STRIDE = 16
      RESIZE_STAMP_BITS = 16
      MAX_RESIZERS = 65535
      RESIZE_STAMP_SHIFT = 16
      MOVED = -1
      TREEBIN = -2
      RESERVED = -3
      HASH_BITS = 2147483647
      NCPU = 2
      serialPersistentFields = class java.io.ObjectStreamField[3]
      table = class java.util.concurrent.ConcurrentHashMap$Node[16]
      nextTable = null
      baseCount = 2
      sizeCtl = 12
      transferIndex = 0
      cellsBusy = 0
      counterCells = null
      keySet = null
      values = null
      entrySet = null
      U = class sun.misc.Unsafe@5a5a2833
      SIZECTL = 20
      TRANSFERINDEX = 32
      BASECOUNT = 24
      CELLSBUSY = 36
      CELLVALUE = 144
      ABASE = 16
      ASHIFT = 2
      keySet = null
      values = null
    serviceToServicesMap = class java.util.concurrent.ConcurrentHashMap@14211d95
      serialVersionUID = 7249069246763182397
      MAXIMUM_CAPACITY = 1073741824
      DEFAULT_CAPACITY = 16
      MAX_ARRAY_SIZE = 2147483639
      DEFAULT_CONCURRENCY_LEVEL = 16
      LOAD_FACTOR = 0.75
      TREEIFY_THRESHOLD = 8
      UNTREEIFY_THRESHOLD = 6
      MIN_TREEIFY_CAPACITY = 64
      MIN_TRANSFER_STRIDE = 16
      RESIZE_STAMP_BITS = 16
      MAX_RESIZERS = 65535
      RESIZE_STAMP_SHIFT = 16
      MOVED = -1
      TREEBIN = -2
      RESERVED = -3
      HASH_BITS = 2147483647
      NCPU = 2
      serialPersistentFields = class java.io.ObjectStreamField[3]
      table = class java.util.concurrent.ConcurrentHashMap$Node[16]
      nextTable = null
      baseCount = 3
      sizeCtl = 12
      transferIndex = 0
      cellsBusy = 0
      counterCells = null
      keySet = null
      values = null
      entrySet = null
      U = class sun.misc.Unsafe@5a5a2833
      SIZECTL = 20
      TRANSFERINDEX = 32
      BASECOUNT = 24
      CELLSBUSY = 36
      CELLVALUE = 144
      ABASE = 16
      ASHIFT = 2
      keySet = null
      values = null
    bundleMap = class java.util.concurrent.ConcurrentHashMap@4cc445df
      serialVersionUID = 7249069246763182397
      MAXIMUM_CAPACITY = 1073741824
      DEFAULT_CAPACITY = 16
      MAX_ARRAY_SIZE = 2147483639
      DEFAULT_CONCURRENCY_LEVEL = 16
      LOAD_FACTOR = 0.75
      TREEIFY_THRESHOLD = 8
      UNTREEIFY_THRESHOLD = 6
      MIN_TREEIFY_CAPACITY = 64
      MIN_TRANSFER_STRIDE = 16
      RESIZE_STAMP_BITS = 16
      MAX_RESIZERS = 65535
      RESIZE_STAMP_SHIFT = 16
      MOVED = -1
      TREEBIN = -2
      RESERVED = -3
      HASH_BITS = 2147483647
      NCPU = 2
      serialPersistentFields = class java.io.ObjectStreamField[3]
      table = class java.util.concurrent.ConcurrentHashMap$Node[128]
      nextTable = null
      baseCount = 52
      sizeCtl = 96
      transferIndex = 0
      cellsBusy = 0
      counterCells = null
      keySet = null
      values = null
      entrySet = null
      U = class sun.misc.Unsafe@5a5a2833
      SIZECTL = 20
      TRANSFERINDEX = 32
      BASECOUNT = 24
      CELLSBUSY = 36
      CELLVALUE = 144
      ABASE = 16
      ASHIFT = 2
      keySet = null
      values = null
    metaTypeTracker = class org.osgi.util.tracker.ServiceTracker@110a5186
      DEBUG = false
      context = class org.eclipse.osgi.internal.framework.BundleContextImpl@152d62a0
      filter = class org.eclipse.osgi.internal.framework.FilterImpl@c0a8dbe
      customizer = class org.osgi.util.tracker.ServiceTracker@110a5186
      listenerFilter = "(objectClass=org.osgi.service.metatype.MetaTypeService)"
      trackClass = "org.osgi.service.metatype.MetaTypeService"
      trackReference = null
      tracked = class org.osgi.util.tracker.ServiceTracker$Tracked@36684a84
      cachedReference = class org.eclipse.osgi.internal.serviceregistry.ServiceReferenceImpl@1776f0e9
      cachedService = class org.eclipse.equinox.metatype.impl.MetaTypeServiceImpl@93b2fd3
    mtpTracker = class com.ibm.ws.config.xml.internal.MetaTypeRegistry$MTPTracker@271abaeb
      registry = class com.ibm.ws.config.xml.internal.MetaTypeRegistry@2cb33fc6
      eventTracker = class org.osgi.util.tracker.ServiceTracker@49b9a7f7
      serialVersionUID = -6180965171787297116
      $$$tc$$$ = class com.ibm.websphere.ras.TraceComponent@1fd795f3
      DEBUG = false
      context = class org.eclipse.osgi.internal.framework.BundleContextImpl@152d62a0
      filter = class org.eclipse.osgi.internal.framework.FilterImpl@1d7e1cae
      customizer = class com.ibm.ws.config.xml.internal.MetaTypeRegistry$MTPTracker@271abaeb
      listenerFilter = "(objectClass=org.osgi.service.metatype.MetaTypeProvider)"
      trackClass = "org.osgi.service.metatype.MetaTypeProvider"
      trackReference = null
      tracked = class org.osgi.util.tracker.ServiceTracker$Tracked@67358fd6
      cachedReference = null
      cachedService = null
    serialVersionUID = -1516519921111149166
  failedUpdateInfo = class java.util.HashMap@6b23b713
    serialVersionUID = 362498820763181265
    DEFAULT_INITIAL_CAPACITY = 16
    MAXIMUM_CAPACITY = 1073741824
    DEFAULT_LOAD_FACTOR = 0.75
    TREEIFY_THRESHOLD = 8
    UNTREEIFY_THRESHOLD = 6
    MIN_TREEIFY_CAPACITY = 64
    table = null
    entrySet = null
    size = 0
    modCount = 0
    threshold = 0
    loadFactor = 0.75
    keySet = null
    values = null
  failedUpdateAttrDef = class java.util.HashMap@62a8054c
    serialVersionUID = 362498820763181265
    DEFAULT_INITIAL_CAPACITY = 16
    MAXIMUM_CAPACITY = 1073741824
    DEFAULT_LOAD_FACTOR = 0.75
    TREEIFY_THRESHOLD = 8
    UNTREEIFY_THRESHOLD = 6
    MIN_TREEIFY_CAPACITY = 64
    table = null
    entrySet = null
    size = 0
    modCount = 0
    threshold = 0
    loadFactor = 0.75
    keySet = null
    values = null
  retryUpdateInfoList = class java.util.ArrayList@70d16893
    serialVersionUID = 8683452581122892189
    DEFAULT_CAPACITY = 10
    EMPTY_ELEMENTDATA = class java.lang.Object[0]
    DEFAULTCAPACITY_EMPTY_ELEMENTDATA = class java.lang.Object[0]
    elementData = class java.lang.Object[0]
    size = 0
    MAX_ARRAY_SIZE = 2147483639
    modCount = 5
    MAX_ARRAY_SIZE = 2147483639
  ranUpdateRetry = false
  serialVersionUID = 4618814127728183361

Dump of objectArray[0]
Object type = com.ibm.ws.config.xml.internal.ConfigEvaluator$EvaluationResult
  configElement = class com.ibm.ws.config.xml.internal.SingletonElement@12565947
    serialVersionUID = 3864110386781038224
    $$$tc$$$ = class com.ibm.websphere.ras.TraceComponent@633dff75
      strings[0] = "TraceComponent[com.ibm.ws.config.xml.internal.SingletonElement,class com.ibm.ws.config.xml.internal.SingletonElement,[config],com.ibm.ws.config.internal.resources.ConfigMessages,null]"
    pid = "com.ibm.ws.app.management"
    serialVersionUID = -9047414204686928380
    $$$tc$$$ = class com.ibm.websphere.ras.TraceComponent@7893953f
      strings[0] = "TraceComponent[com.ibm.ws.config.xml.internal.MetaTypeElement,class com.ibm.ws.config.xml.internal.MetaTypeElement,[config],com.ibm.ws.config.internal.resources.ConfigMessages,null]"
    nodeName = "applicationManager"
    attributes = class com.ibm.ws.config.xml.internal.ConfigElement$GroupHashMap@173ccf4b
      serialVersionUID = 3632130989008067578
      comparator = class com.ibm.ws.config.xml.internal.ConfigElement$1@70a840a2
      root = null
      size = 0
      modCount = 0
      entrySet = class java.util.TreeMap$EntrySet@459b1f70
      navigableKeySet = null
      descendingMap = null
      UNBOUNDED = class java.lang.Object@47a7fccb
      RED = false
      BLACK = true
      serialVersionUID = 919286545866124006
      keySet = null
      values = null
    sequenceId = 0
    location = null
    overrideLocation = null
    operations = class java.util.HashMap@4a75cf0a
      serialVersionUID = 362498820763181265
      DEFAULT_INITIAL_CAPACITY = 16
      MAXIMUM_CAPACITY = 1073741824
      DEFAULT_LOAD_FACTOR = 0.75
      TREEIFY_THRESHOLD = 8
      UNTREEIFY_THRESHOLD = 6
      MIN_TREEIFY_CAPACITY = 64
      table = null
      entrySet = null
      size = 0
      modCount = 0
      threshold = 0
      loadFactor = 0.75
      keySet = null
      values = null
    isTextOnly = true
    elementValue = ""
    parent = null
    children = class java.util.ArrayList@4c1ee88b
      serialVersionUID = 8683452581122892189
      DEFAULT_CAPACITY = 10
      EMPTY_ELEMENTDATA = class java.lang.Object[0]
      DEFAULTCAPACITY_EMPTY_ELEMENTDATA = class java.lang.Object[0]
      elementData = class java.lang.Object[0]
      size = 0
      MAX_ARRAY_SIZE = 2147483639
      modCount = 0
      MAX_ARRAY_SIZE = 2147483639
    childAttributeName = null
    mergeBehavior = null
    docLocationStack = null
    behaviorStack = null
    CASE_INSENSITIVE = class com.ibm.ws.config.xml.internal.ConfigElement$1@70a840a2
      serialVersionUID = 2579770070088481384
      $$$tc$$$ = class com.ibm.websphere.ras.TraceComponent@7620b977
  properties = class com.ibm.ws.config.admin.ConfigurationDictionary@45c379b9
    serialVersionUID = 7966152868712543805
    simpleTypes = class java.util.Arrays$ArrayList@77a79c07
      serialVersionUID = -2764017481108945198
      a = class java.lang.Class[9]
      modCount = 0
      MAX_ARRAY_SIZE = 2147483639
    primitiveArrayTypes = class java.util.Arrays$ArrayList@2fcb7dc1
      serialVersionUID = -2764017481108945198
      a = class java.lang.Class[8]
      modCount = 0
      MAX_ARRAY_SIZE = 2147483639
    simpleArrayTypes = class java.util.Arrays$ArrayList@35793deb
      serialVersionUID = -2764017481108945198
      a = class java.lang.Class[9]
      modCount = 0
      MAX_ARRAY_SIZE = 2147483639
    extendedTypes = class java.util.Arrays$ArrayList@2989108b
      serialVersionUID = -2764017481108945198
      a = class java.lang.Class[2]
      modCount = 0
      MAX_ARRAY_SIZE = 2147483639
    CASE_INSENSITIVE = class com.ibm.ws.config.admin.ConfigurationDictionary$CaseInsensitive@2948fa6d
      serialVersionUID = 7962325242424955159
    properties = class java.util.Collections$SynchronizedMap@11112355
      serialVersionUID = 1978198479659022715
      m = class java.util.TreeMap@66fe6c7a
      mutex = class java.util.Collections$SynchronizedMap@11112355
      keySet = class java.util.Collections$SynchronizedSet@13e9b351
      entrySet = null
      values = null
  references = null
  nestedResults = null
  variables = null
  pid = null
  valid = true
  unresolvedReferences = class java.util.HashSet@28854c17
    serialVersionUID = -5024744406713321676
    map = class java.util.HashMap@11f9f6b
      serialVersionUID = 362498820763181265
      DEFAULT_INITIAL_CAPACITY = 16
      MAXIMUM_CAPACITY = 1073741824
      DEFAULT_LOAD_FACTOR = 0.75
      TREEIFY_THRESHOLD = 8
      UNTREEIFY_THRESHOLD = 6
      MIN_TREEIFY_CAPACITY = 64
      table = null
      entrySet = null
      size = 0
      modCount = 0
      threshold = 0
      loadFactor = 0.75
      keySet = class java.util.HashMap$KeySet@29c13d95
      values = null
    PRESENT = class java.lang.Object@32450dae
    MAX_ARRAY_SIZE = 2147483639
  ocd = class com.ibm.ws.config.xml.internal.metatype.ExtendedObjectClassDefinitionImpl@711d65b5
    EXPOSED_FILTERS = class java.util.Arrays$ArrayList@5e17fb58
      serialVersionUID = -2764017481108945198
      a = class java.lang.String[3]
      modCount = 0
      MAX_ARRAY_SIZE = 2147483639
    delegate = class org.eclipse.equinox.metatype.impl.ObjectClassDefinitionImpl@6c881d68
      iconComparator = class org.eclipse.equinox.metatype.impl.ObjectClassDefinitionImpl$1@257022a7
      _name = "%appmgmt.name"
      _id = "com.ibm.ws.app.management"
      _description = "%appmgmt.desc"
      _type = 0
      _required = class java.util.Vector@9bf183c
      _optional = class java.util.Vector@11ac89d5
      helper = class org.eclipse.equinox.metatype.impl.ExtendableHelper@3330819b
      icons = null
      KEY_SIGN = %
      LOCALE_SEP = _
      localization = "OSGI-INF/l10n/metatype"
      bundle = class org.eclipse.osgi.internal.framework.EquinoxBundle@5002d020
      locale = null
      resourceBundle = null
    parentPid = null
    alias = "applicationManager"
    extraProperties = false
    action = null
    localization = null
    supportsExtensions = false
    supportsHiddenExtensions = false
    extendsAlias = null
    extendsAttribute = null
    childAlias = null
    anyCount = 0
    excludedChildren = null
    objectClass = null
    requireExplicitConfiguration = false
    pid = "com.ibm.ws.app.management"
    serialVersionUID = -8060091650489418548
    $$$tc$$$ = class com.ibm.websphere.ras.TraceComponent@db31a67
      strings[0] = "TraceComponent[com.ibm.ws.config.xml.internal.metatype.ExtendedObjectClassDefinitionImpl,class com.ibm.ws.config.xml.internal.metatype.ExtendedObjectClassDefinitionImpl,[config],com.ibm.ws.config.internal.resources.ConfigMessages,null]"
  serialVersionUID = -1771646921982985384
  $$$tc$$$ = class com.ibm.websphere.ras.TraceComponent@6d66711c
    strings[0] = "TraceComponent[com.ibm.ws.config.xml.internal.ConfigEvaluator$EvaluationResult,class com.ibm.ws.config.xml.internal.ConfigEvaluator$EvaluationResult,[config],com.ibm.ws.config.internal.resources.ConfigMessages,null]"

Dump of objectArray[1]
Object type = com.ibm.ws.config.xml.internal.ConfigurationInfo
  tc = class com.ibm.websphere.ras.TraceComponent@6bbc0f06
    strings[0] = "TraceComponent[com.ibm.ws.config.xml.internal.ConfigurationInfo,class com.ibm.ws.config.xml.internal.ConfigurationInfo,[config],com.ibm.ws.config.internal.resources.ConfigMessages,null]"
  configElement = class com.ibm.ws.config.xml.internal.SingletonElement@12565947
    serialVersionUID = 3864110386781038224
    $$$tc$$$ = class com.ibm.websphere.ras.TraceComponent@633dff75
      strings[0] = "TraceComponent[com.ibm.ws.config.xml.internal.SingletonElement,class com.ibm.ws.config.xml.internal.SingletonElement,[config],com.ibm.ws.config.internal.resources.ConfigMessages,null]"
    pid = "com.ibm.ws.app.management"
    serialVersionUID = -9047414204686928380
    $$$tc$$$ = class com.ibm.websphere.ras.TraceComponent@7893953f
      strings[0] = "TraceComponent[com.ibm.ws.config.xml.internal.MetaTypeElement,class com.ibm.ws.config.xml.internal.MetaTypeElement,[config],com.ibm.ws.config.internal.resources.ConfigMessages,null]"
    nodeName = "applicationManager"
    attributes = class com.ibm.ws.config.xml.internal.ConfigElement$GroupHashMap@173ccf4b
      serialVersionUID = 3632130989008067578
      comparator = class com.ibm.ws.config.xml.internal.ConfigElement$1@70a840a2
      root = null
      size = 0
      modCount = 0
      entrySet = class java.util.TreeMap$EntrySet@459b1f70
      navigableKeySet = null
      descendingMap = null
      UNBOUNDED = class java.lang.Object@47a7fccb
      RED = false
      BLACK = true
      serialVersionUID = 919286545866124006
      keySet = null
      values = null
    sequenceId = 0
    location = null
    overrideLocation = null
    operations = class java.util.HashMap@4a75cf0a
      serialVersionUID = 362498820763181265
      DEFAULT_INITIAL_CAPACITY = 16
      MAXIMUM_CAPACITY = 1073741824
      DEFAULT_LOAD_FACTOR = 0.75
      TREEIFY_THRESHOLD = 8
      UNTREEIFY_THRESHOLD = 6
      MIN_TREEIFY_CAPACITY = 64
      table = null
      entrySet = null
      size = 0
      modCount = 0
      threshold = 0
      loadFactor = 0.75
      keySet = null
      values = null
    isTextOnly = true
    elementValue = ""
    parent = null
    children = class java.util.ArrayList@4c1ee88b
      serialVersionUID = 8683452581122892189
      DEFAULT_CAPACITY = 10
      EMPTY_ELEMENTDATA = class java.lang.Object[0]
      DEFAULTCAPACITY_EMPTY_ELEMENTDATA = class java.lang.Object[0]
      elementData = class java.lang.Object[0]
      size = 0
      MAX_ARRAY_SIZE = 2147483639
      modCount = 0
      MAX_ARRAY_SIZE = 2147483639
    childAttributeName = null
    mergeBehavior = null
    docLocationStack = null
    behaviorStack = null
    CASE_INSENSITIVE = class com.ibm.ws.config.xml.internal.ConfigElement$1@70a840a2
      serialVersionUID = 2579770070088481384
      $$$tc$$$ = class com.ibm.websphere.ras.TraceComponent@7620b977
  config = class com.ibm.ws.config.admin.internal.ExtendedConfigurationImpl@3ce95dca
    bundleLocation = null
    boundBundle = null
    caFactory = class com.ibm.ws.config.admin.internal.ConfigAdminServiceFactory@39e34f14
      tc = class com.ibm.websphere.ras.TraceComponent@422e3013
      configurationPermission = class org.osgi.service.cm.ConfigurationPermission@5aca559d
      INDEX_DICTIONARY = 0
      INDEX_LOCATION = 1
      INDEX_METATYPE_PROCESSED = 2
      INDEX_IN_OVERRIDES_FILE = 3
      INDEX_REFERENCES = 4
      INDEX_UNIQUES = 5
      bundleContext = class org.eclipse.osgi.internal.framework.BundleContextImpl@152d62a0
      msTracker = class com.ibm.ws.config.admin.internal.ManagedServiceTracker@49051d35
      msfTracker = class com.ibm.ws.config.admin.internal.ManagedServiceFactoryTracker@6896448b
      pluginManager = class com.ibm.ws.config.admin.internal.PluginManager@6dd5650c
      configurationStore = class com.ibm.ws.config.admin.internal.ConfigurationStore@5c40ebd3
      updateQueue = class com.ibm.ws.config.admin.internal.UpdateQueue@653bb396
      ced = class com.ibm.ws.config.admin.internal.ConfigEventDispatcher@4b6f6b1
      idMap = class java.util.Collections$SynchronizedMap@5e5e48b0
      referenceMap = class java.util.Collections$SynchronizedMap@1865ab72
      variableRegistryTracker = class org.osgi.util.tracker.ServiceTracker@20fa0ceb
      variableRegistry = class com.ibm.ws.kernel.service.location.internal.VariableRegistryHelper@13ca753b
      configurationAdminRef = class org.eclipse.osgi.internal.serviceregistry.ServiceRegistrationImpl@4d3175f6
      serialVersionUID = 6695202270027014725
    factoryPid = null
    pid = "com.ibm.ws.app.management"
    properties = class com.ibm.ws.config.admin.ConfigurationDictionary@508ffe61
      serialVersionUID = 7966152868712543805
      simpleTypes = class java.util.Arrays$ArrayList@77a79c07
      primitiveArrayTypes = class java.util.Arrays$ArrayList@2fcb7dc1
      simpleArrayTypes = class java.util.Arrays$ArrayList@35793deb
      extendedTypes = class java.util.Arrays$ArrayList@2989108b
      CASE_INSENSITIVE = class com.ibm.ws.config.admin.ConfigurationDictionary$CaseInsensitive@2948fa6d
      properties = class java.util.Collections$SynchronizedMap@6205e619
    hashCode = 0
    deleted = false
    inOverridesFile = true
    references = class java.util.Collections$EmptySet@7e1bc2da
      serialVersionUID = 1582296315990362920
      MAX_ARRAY_SIZE = 2147483639
    uniqueVariables = class java.util.HashSet@7448d280
      serialVersionUID = -5024744406713321676
      map = class java.util.HashMap@2b03f9
      PRESENT = class java.lang.Object@32450dae
      MAX_ARRAY_SIZE = 2147483639
    lock = class java.util.concurrent.locks.ReentrantLock@1c5efc9
      serialVersionUID = 7373984872572414699
      sync = class java.util.concurrent.locks.ReentrantLock$NonfairSync@1c500788
    changeCount = class java.util.concurrent.atomic.AtomicLong@2f788c81
      serialVersionUID = 1927816293512124184
      unsafe = class sun.misc.Unsafe@5a5a2833
      valueOffset = 16
      VM_SUPPORTS_LONG_CAS = true
      value = 0
      serialVersionUID = -8742448824652078965
    configId = null
    sendEvents = false
    serialVersionUID = -7173954266841568360
    $$$tc$$$ = class com.ibm.websphere.ras.TraceComponent@287e5f95
      strings[0] = "TraceComponent[com.ibm.ws.config.admin.internal.ExtendedConfigurationImpl,class com.ibm.ws.config.admin.internal.ExtendedConfigurationImpl,[config],com.ibm.ws.config.internal.resources.ConfigMessages,null]"
  metaTypeAttributes = class java.util.HashMap@72970da6
    serialVersionUID = 362498820763181265
    DEFAULT_INITIAL_CAPACITY = 16
    MAXIMUM_CAPACITY = 1073741824
    DEFAULT_LOAD_FACTOR = 0.75
    TREEIFY_THRESHOLD = 8
    UNTREEIFY_THRESHOLD = 6
    MIN_TREEIFY_CAPACITY = 64
    table = class java.util.HashMap$Node[16]
      table[0] = null
      table[1] = null
      table[2] = null
      table[3] = null
      table[4] = class java.util.HashMap$Node@bad7413
      table[5] = null
      table[6] = null
      table[7] = null
      table[8] = null
      table[9] = null
      table[10] = null
      table[11] = null
      table[12] = null
      table[13] = class java.util.HashMap$Node@5c1f27f8
      table[14] = null
      table[15] = null
    entrySet = class java.util.HashMap$EntrySet@411dabab
      this$0 = class java.util.HashMap@72970da6
      MAX_ARRAY_SIZE = 2147483639
    size = 3
    modCount = 3
    threshold = 12
    loadFactor = 0.75
    keySet = null
    values = null
  deleted = false
  ocd = class com.ibm.ws.config.xml.internal.metatype.ExtendedObjectClassDefinitionImpl@711d65b5
    EXPOSED_FILTERS = class java.util.Arrays$ArrayList@5e17fb58
      serialVersionUID = -2764017481108945198
      a = class java.lang.String[3]
      modCount = 0
      MAX_ARRAY_SIZE = 2147483639
    delegate = class org.eclipse.equinox.metatype.impl.ObjectClassDefinitionImpl@6c881d68
      iconComparator = class org.eclipse.equinox.metatype.impl.ObjectClassDefinitionImpl$1@257022a7
      _name = "%appmgmt.name"
      _id = "com.ibm.ws.app.management"
      _description = "%appmgmt.desc"
      _type = 0
      _required = class java.util.Vector@9bf183c
      _optional = class java.util.Vector@11ac89d5
      helper = class org.eclipse.equinox.metatype.impl.ExtendableHelper@3330819b
      icons = null
      KEY_SIGN = %
      LOCALE_SEP = _
      localization = "OSGI-INF/l10n/metatype"
      bundle = class org.eclipse.osgi.internal.framework.EquinoxBundle@5002d020
      locale = null
      resourceBundle = null
    parentPid = null
    alias = "applicationManager"
    extraProperties = false
    action = null
    localization = null
    supportsExtensions = false
    supportsHiddenExtensions = false
    extendsAlias = null
    extendsAttribute = null
    childAlias = null
    anyCount = 0
    excludedChildren = null
    objectClass = null
    requireExplicitConfiguration = false
    pid = "com.ibm.ws.app.management"
    serialVersionUID = -8060091650489418548
    $$$tc$$$ = class com.ibm.websphere.ras.TraceComponent@db31a67
      strings[0] = "TraceComponent[com.ibm.ws.config.xml.internal.metatype.ExtendedObjectClassDefinitionImpl,class com.ibm.ws.config.xml.internal.metatype.ExtendedObjectClassDefinitionImpl,[config],com.ibm.ws.config.internal.resources.ConfigMessages,null]"
  superTypeConfigs = class java.util.ArrayList@1018efb9
    serialVersionUID = 8683452581122892189
    DEFAULT_CAPACITY = 10
    EMPTY_ELEMENTDATA = class java.lang.Object[0]
    DEFAULTCAPACITY_EMPTY_ELEMENTDATA = class java.lang.Object[0]
    elementData = class java.lang.Object[0]
    size = 0
    MAX_ARRAY_SIZE = 2147483639
    modCount = 0
    MAX_ARRAY_SIZE = 2147483639
  serialVersionUID = -2724248819911187301

Dump of objectArray[2]
Object type = java.util.ArrayList
  serialVersionUID = 8683452581122892189
  DEFAULT_CAPACITY = 10
  EMPTY_ELEMENTDATA = class java.lang.Object[0]
  DEFAULTCAPACITY_EMPTY_ELEMENTDATA = class java.lang.Object[0]
  elementData = class java.lang.Object[0]
  size = 0
  MAX_ARRAY_SIZE = 2147483639
  modCount = 0
  MAX_ARRAY_SIZE = 2147483639

Dump of objectArray[3]
Object type = java.lang.Boolean
  TRUE = true
  FALSE = false
  TYPE = class java.lang.Class@1d56ce6a
    ANNOTATION = 8192
    ENUM = 16384
    SYNTHETIC = 4096
    cachedConstructor = null
    newInstanceCallerCache = null
    name = "boolean"
    allPermDomain = class java.security.ProtectionDomain@6be619b3
      codesource = null
      classloader = null
      principals = interface java.security.Principal[0]
      permissions = class java.security.Permissions@3f5551c4
      hasAllPerm = true
      staticPermissions = true
      key = class java.security.ProtectionDomain$Key@151f5a30
      debug = null
    useCaches = true
    reflectionData = null
    classRedefinedCount = 0
    genericInfo = null
    serialVersionUID = 3206093459760846163
    serialPersistentFields = class java.io.ObjectStreamField[0]
    reflectionFactory = class sun.reflect.ReflectionFactory@54fba06b
      initted = true
      reflectionFactoryAccessPerm = class java.lang.RuntimePermission@31036c62
      soleInstance = class sun.reflect.ReflectionFactory@54fba06b
      langReflectAccess = class java.lang.reflect.ReflectAccess@6af3c070
      noInflation = false
      inflationThreshold = 15
    initted = true
    enumConstants = null
    enumConstantDirectory = null
    annotationData = null
    annotationType = null
    classValueMap = null
  value = false
  serialVersionUID = -3665804199014368530

